INFO:music_dl:music-dl 0.2.1
INFO:music_dl:Validating parameters...
INFO:music_dl:Done.
INFO:music_dl:Retrieving playlist...
INFO:music_dl:Download URL: https://soundcloud.com/278zy/newone-1
INFO:music_dl:Done.
INFO:music_dl:Validating playlist...
INFO:music_dl:Done.
INFO:music_dl:Creating download directory...
INFO:music_dl:Done.
INFO:music_dl:Processing playlist...
INFO:music_dl:Done.
INFO:music_dl:Generating youtube-dl option...
INFO:music_dl:Done.
INFO:music_dl:Downloading songs...
INFO:music_dl:[Title:NewOne][Size:1.64MiB][Elapsed:1.46] Finished.
INFO:music_dl:Done.
INFO:music_dl:Updating metadata...
ERROR:music_dl:[File:NewOne.m4a] Error <class 'mutagen.id3._util.ID3NoHeaderError'>: '/home/marc/Music/Downloads/Single/NewOne.m4a' doesn't start with an ID3 tag Skipped.
INFO:music_dl:Done.
INFO:music_dl:Deleting zero byte files...
INFO:music_dl:Done.
INFO:music_dl:All process has done.
INFO:music_dl:Now you can find downloaded songs at [96m/home/marc/Music/Downloads/Single
